{"level":"error","message":"Something went wrong Something went wrong","stack":"Error: Something went wrong\n    at D:\\node apps\\Book-Directory\\routes\\books.js:11:15\n    at D:\\node apps\\Book-Directory\\middleware\\async.js:4:19\n    at Layer.handle [as handle_request] (D:\\node apps\\Book-Directory\\node_modules\\express\\lib\\router\\layer.js:95:5)\n    at next (D:\\node apps\\Book-Directory\\node_modules\\express\\lib\\router\\route.js:137:13)\n    at Route.dispatch (D:\\node apps\\Book-Directory\\node_modules\\express\\lib\\router\\route.js:112:3)\n    at Layer.handle [as handle_request] (D:\\node apps\\Book-Directory\\node_modules\\express\\lib\\router\\layer.js:95:5)\n    at D:\\node apps\\Book-Directory\\node_modules\\express\\lib\\router\\index.js:281:22\n    at Function.process_params (D:\\node apps\\Book-Directory\\node_modules\\express\\lib\\router\\index.js:335:12)\n    at next (D:\\node apps\\Book-Directory\\node_modules\\express\\lib\\router\\index.js:275:10)\n    at Function.handle (D:\\node apps\\Book-Directory\\node_modules\\express\\lib\\router\\index.js:174:3)\n    at router (D:\\node apps\\Book-Directory\\node_modules\\express\\lib\\router\\index.js:47:12)\n    at Layer.handle [as handle_request] (D:\\node apps\\Book-Directory\\node_modules\\express\\lib\\router\\layer.js:95:5)\n    at trim_prefix (D:\\node apps\\Book-Directory\\node_modules\\express\\lib\\router\\index.js:317:13)\n    at D:\\node apps\\Book-Directory\\node_modules\\express\\lib\\router\\index.js:284:7\n    at Function.process_params (D:\\node apps\\Book-Directory\\node_modules\\express\\lib\\router\\index.js:335:12)\n    at next (D:\\node apps\\Book-Directory\\node_modules\\express\\lib\\router\\index.js:275:10)"}
{"level":"error","message":"Something went wrong Something went wrong","stack":"Error: Something went wrong\n    at D:\\node apps\\Book-Directory\\routes\\books.js:11:15\n    at D:\\node apps\\Book-Directory\\middleware\\async.js:4:19\n    at Layer.handle [as handle_request] (D:\\node apps\\Book-Directory\\node_modules\\express\\lib\\router\\layer.js:95:5)\n    at next (D:\\node apps\\Book-Directory\\node_modules\\express\\lib\\router\\route.js:137:13)\n    at Route.dispatch (D:\\node apps\\Book-Directory\\node_modules\\express\\lib\\router\\route.js:112:3)\n    at Layer.handle [as handle_request] (D:\\node apps\\Book-Directory\\node_modules\\express\\lib\\router\\layer.js:95:5)\n    at D:\\node apps\\Book-Directory\\node_modules\\express\\lib\\router\\index.js:281:22\n    at Function.process_params (D:\\node apps\\Book-Directory\\node_modules\\express\\lib\\router\\index.js:335:12)\n    at next (D:\\node apps\\Book-Directory\\node_modules\\express\\lib\\router\\index.js:275:10)\n    at Function.handle (D:\\node apps\\Book-Directory\\node_modules\\express\\lib\\router\\index.js:174:3)\n    at router (D:\\node apps\\Book-Directory\\node_modules\\express\\lib\\router\\index.js:47:12)\n    at Layer.handle [as handle_request] (D:\\node apps\\Book-Directory\\node_modules\\express\\lib\\router\\layer.js:95:5)\n    at trim_prefix (D:\\node apps\\Book-Directory\\node_modules\\express\\lib\\router\\index.js:317:13)\n    at D:\\node apps\\Book-Directory\\node_modules\\express\\lib\\router\\index.js:284:7\n    at Function.process_params (D:\\node apps\\Book-Directory\\node_modules\\express\\lib\\router\\index.js:335:12)\n    at next (D:\\node apps\\Book-Directory\\node_modules\\express\\lib\\router\\index.js:275:10)"}
{"level":"error","message":"Something went wrong Something went wrong","stack":"Error: Something went wrong\n    at D:\\node apps\\Book-Directory\\routes\\books.js:11:15\n    at D:\\node apps\\Book-Directory\\middleware\\async.js:4:19\n    at Layer.handle [as handle_request] (D:\\node apps\\Book-Directory\\node_modules\\express\\lib\\router\\layer.js:95:5)\n    at next (D:\\node apps\\Book-Directory\\node_modules\\express\\lib\\router\\route.js:137:13)\n    at Route.dispatch (D:\\node apps\\Book-Directory\\node_modules\\express\\lib\\router\\route.js:112:3)\n    at Layer.handle [as handle_request] (D:\\node apps\\Book-Directory\\node_modules\\express\\lib\\router\\layer.js:95:5)\n    at D:\\node apps\\Book-Directory\\node_modules\\express\\lib\\router\\index.js:281:22\n    at Function.process_params (D:\\node apps\\Book-Directory\\node_modules\\express\\lib\\router\\index.js:335:12)\n    at next (D:\\node apps\\Book-Directory\\node_modules\\express\\lib\\router\\index.js:275:10)\n    at Function.handle (D:\\node apps\\Book-Directory\\node_modules\\express\\lib\\router\\index.js:174:3)\n    at router (D:\\node apps\\Book-Directory\\node_modules\\express\\lib\\router\\index.js:47:12)\n    at Layer.handle [as handle_request] (D:\\node apps\\Book-Directory\\node_modules\\express\\lib\\router\\layer.js:95:5)\n    at trim_prefix (D:\\node apps\\Book-Directory\\node_modules\\express\\lib\\router\\index.js:317:13)\n    at D:\\node apps\\Book-Directory\\node_modules\\express\\lib\\router\\index.js:284:7\n    at Function.process_params (D:\\node apps\\Book-Directory\\node_modules\\express\\lib\\router\\index.js:335:12)\n    at next (D:\\node apps\\Book-Directory\\node_modules\\express\\lib\\router\\index.js:275:10)"}
{"level":"error","message":"Something went wrong during start up Something went wrong during start up","stack":"Error: Something went wrong during start up\n    at Object.<anonymous> (D:\\node apps\\Book-Directory\\index.js:26:7)\n    at Module._compile (internal/modules/cjs/loader.js:1085:14)\n    at Object.Module._extensions..js (internal/modules/cjs/loader.js:1114:10)\n    at Module.load (internal/modules/cjs/loader.js:950:32)\n    at Function.Module._load (internal/modules/cjs/loader.js:790:14)\n    at Function.executeUserEntryPoint [as runMain] (internal/modules/run_main.js:76:12)\n    at internal/main/run_main_module.js:17:47"}
{"message":"Connected to the Database","level":"info"}
{"message":"Connected to the Database","level":"info"}
{"message":"Connected to the Database","level":"info"}
{"name":"MongoNetworkError","level":"error","message":"failed to connect to server [localhoost:27017] on first connect [Error: getaddrinfo ENOTFOUND localhoost\n    at GetAddrInfoReqWrap.onlookup [as oncomplete] (dns.js:69:26) {\n  name: 'MongoNetworkError'\n}] failed to connect to server [localhoost:27017] on first connect [Error: getaddrinfo ENOTFOUND localhoost\n    at GetAddrInfoReqWrap.onlookup [as oncomplete] (dns.js:69:26) {\n  name: 'MongoNetworkError'\n}]","stack":"MongoNetworkError: failed to connect to server [localhoost:27017] on first connect [Error: getaddrinfo ENOTFOUND localhoost\n    at GetAddrInfoReqWrap.onlookup [as oncomplete] (dns.js:69:26) {\n  name: 'MongoNetworkError'\n}]\n    at Pool.<anonymous> (D:\\node apps\\Book-Directory\\node_modules\\mongodb\\lib\\core\\topologies\\server.js:441:11)\n    at Pool.emit (events.js:375:28)\n    at D:\\node apps\\Book-Directory\\node_modules\\mongodb\\lib\\core\\connection\\pool.js:564:14\n    at D:\\node apps\\Book-Directory\\node_modules\\mongodb\\lib\\core\\connection\\pool.js:999:11\n    at D:\\node apps\\Book-Directory\\node_modules\\mongodb\\lib\\core\\connection\\connect.js:32:7\n    at callback (D:\\node apps\\Book-Directory\\node_modules\\mongodb\\lib\\core\\connection\\connect.js:283:5)\n    at Socket.<anonymous> (D:\\node apps\\Book-Directory\\node_modules\\mongodb\\lib\\core\\connection\\connect.js:313:7)\n    at Object.onceWrapper (events.js:482:26)\n    at Socket.emit (events.js:375:28)\n    at emitErrorNT (internal/streams/destroy.js:106:8)\n    at emitErrorCloseNT (internal/streams/destroy.js:74:3)\n    at processTicksAndRejections (internal/process/task_queues.js:82:21)"}
{"level":"info","message":"Listening to Port 3000"}
{"message":"Connected to the Database","level":"info"}
{"level":"info","message":"Listening to Port 3000"}
{"message":"Connected to the Database","level":"info"}
{"level":"info","message":"Listening to Port 3000"}
{"message":"Connected to the Database","level":"info"}
{"level":"info","message":"Listening to Port 3000"}
{"message":"Connected to the Database","level":"info"}
{"level":"info","message":"Listening to Port 3000"}
{"message":"Connected to the Database","level":"info"}
{"level":"info","message":"Listening to Port 3000"}
{"message":"Connected to the Database","level":"info"}
{"level":"info","message":"Listening to Port 3000"}
{"message":"Connected to the Database","level":"info"}
{"level":"info","message":"Listening to Port 3000"}
{"message":"Connected to the Database","level":"info"}
{"level":"info","message":"Listening to Port 3000"}
{"message":"Connected to the Database","level":"info"}
{"level":"info","message":"Listening to Port 3000"}
{"message":"Connected to the Database","level":"info"}
{"level":"info","message":"Listening to Port 3000"}
{"message":"Connected to the Database","level":"info"}
{"level":"info","message":"Listening to Port 3000"}
{"message":"Connected to the Database","level":"info"}
{"level":"info","message":"Listening to Port 3000"}
{"message":"Connected to the Database","level":"info"}
{"level":"info","message":"Listening to Port 3000"}
{"message":"Connected to the Database","level":"info"}
